<?xml version="1.0" encoding="UTF-8"?>
<!-- Generated by org.testng.reporters.JUnitXMLReporter -->
<testsuite hostname="pc2353" name="Default test" tests="5" failures="0" timestamp="7 Jan 2015 02:03:51 GMT" time="0.047" errors="0">
  <testcase name="Constructor" time="0.017" classname="events.EventTest"/>
  <testcase name="compareTo" time="0.003" classname="events.EventTest"/>
  <testcase name="equals" time="0.003" classname="events.EventTest"/>
  <testcase name="getTime" time="0.001" classname="events.EventTest"/>
  <testcase name="setTime" time="0.0" classname="events.EventTest"/>
</testsuite> <!-- Default test -->
